warning: Git tree '/data/oc-compute02/holzbage/MONEAT' is dirty
Executing venvHook
Skipping venv creation, './.venv' already exists
Collecting about-time
  Using cached about_time-4.2.1-py3-none-any.whl (13 kB)
Collecting absl-py
  Using cached absl_py-2.1.0-py3-none-any.whl (133 kB)
Collecting ale-py
  Using cached ale_py-0.10.1-cp38-cp38-manylinux_2_17_x86_64.manylinux2014_x86_64.whl (2.1 MB)
Collecting alembic
  Using cached alembic-1.13.3-py3-none-any.whl (233 kB)
Collecting alive-progress
  Using cached alive_progress-3.1.5-py3-none-any.whl (75 kB)
Collecting anyio
  Using cached anyio-4.5.0-py3-none-any.whl (89 kB)
Collecting appnope
  Using cached appnope-0.1.4-py2.py3-none-any.whl (4.3 kB)
Collecting argon2-cffi
  Using cached argon2_cffi-23.1.0-py3-none-any.whl (15 kB)
Collecting argon2-cffi-bindings
  Using cached argon2_cffi_bindings-21.2.0-cp36-abi3-manylinux_2_17_x86_64.manylinux2014_x86_64.whl (86 kB)
Collecting arrow
  Using cached arrow-1.3.0-py3-none-any.whl (66 kB)
Collecting asttokens
  Using cached asttokens-2.4.1-py2.py3-none-any.whl (27 kB)
Collecting async-lru
  Using cached async_lru-2.0.4-py3-none-any.whl (6.1 kB)
Collecting attrs
  Using cached attrs-24.2.0-py3-none-any.whl (63 kB)
Collecting autograd
  Using cached autograd-1.7.0-py3-none-any.whl (52 kB)
Collecting Babel
  Using cached babel-2.16.0-py3-none-any.whl (9.6 MB)
Collecting beautifulsoup4
  Using cached beautifulsoup4-4.12.3-py3-none-any.whl (147 kB)
Collecting bleach
  Using cached bleach-6.1.0-py3-none-any.whl (162 kB)
Collecting box2d-py
  Using cached box2d-py-2.3.8.tar.gz (374 kB)
Collecting certifi
  Using cached certifi-2024.8.30-py3-none-any.whl (167 kB)
Collecting cffi
  Using cached cffi-1.17.1-cp38-cp38-manylinux_2_17_x86_64.manylinux2014_x86_64.whl (446 kB)
Collecting charset-normalizer
  Using cached charset_normalizer-3.3.2-cp38-cp38-manylinux_2_17_x86_64.manylinux2014_x86_64.whl (141 kB)
Collecting click
  Using cached click-8.1.7-py3-none-any.whl (97 kB)
Collecting cloudpickle
  Using cached cloudpickle-3.0.0-py3-none-any.whl (20 kB)
Collecting cma
  Using cached cma-4.0.0-py3-none-any.whl (283 kB)
Collecting colorlog
  Using cached colorlog-6.8.2-py3-none-any.whl (11 kB)
Collecting comm
  Using cached comm-0.2.2-py3-none-any.whl (7.2 kB)
Collecting contourpy
  Using cached contourpy-1.1.1-cp38-cp38-manylinux_2_17_x86_64.manylinux2014_x86_64.whl (301 kB)
Collecting cycler
  Using cached cycler-0.12.1-py3-none-any.whl (8.3 kB)
Collecting Cython
  Using cached Cython-3.0.11-cp38-cp38-manylinux_2_17_x86_64.manylinux2014_x86_64.whl (3.6 MB)
Collecting deap
  Using cached deap-1.4.1-cp38-cp38-manylinux_2_5_x86_64.manylinux1_x86_64.manylinux_2_17_x86_64.manylinux2014_x86_64.whl (135 kB)
Collecting debugpy
  Using cached debugpy-1.8.6-cp38-cp38-manylinux_2_5_x86_64.manylinux1_x86_64.manylinux_2_17_x86_64.manylinux2014_x86_64.whl (3.6 MB)
Collecting decorator
  Using cached decorator-5.1.1-py3-none-any.whl (9.1 kB)
Collecting defusedxml
  Using cached defusedxml-0.7.1-py2.py3-none-any.whl (25 kB)
Collecting Deprecated
  Using cached Deprecated-1.2.14-py2.py3-none-any.whl (9.6 kB)
Collecting dill
  Using cached dill-0.3.9-py3-none-any.whl (119 kB)
Collecting docker-pycreds
  Using cached docker_pycreds-0.4.0-py2.py3-none-any.whl (9.0 kB)
Collecting etils
  Using cached etils-1.3.0-py3-none-any.whl (126 kB)
Collecting exceptiongroup
  Using cached exceptiongroup-1.2.2-py3-none-any.whl (16 kB)
Collecting executing
  Using cached executing-2.1.0-py2.py3-none-any.whl (25 kB)
Collecting Farama-Notifications
  Using cached Farama_Notifications-0.0.4-py3-none-any.whl (2.5 kB)
Collecting fasteners
  Using cached fasteners-0.19-py3-none-any.whl (18 kB)
Collecting fastjsonschema
  Using cached fastjsonschema-2.20.0-py3-none-any.whl (23 kB)
Collecting filelock
  Using cached filelock-3.16.1-py3-none-any.whl (16 kB)
Collecting fonttools
  Using cached fonttools-4.54.1-cp38-cp38-manylinux_2_17_x86_64.manylinux2014_x86_64.whl (4.7 MB)
Collecting fqdn
  Using cached fqdn-1.5.1-py3-none-any.whl (9.1 kB)
Collecting fsspec
  Using cached fsspec-2024.9.0-py3-none-any.whl (179 kB)
Collecting future
  Using cached future-1.0.0-py3-none-any.whl (491 kB)
Collecting git-filter-repo
  Using cached git_filter_repo-2.45.0-py3-none-any.whl (64 kB)
Collecting gitdb
  Using cached gitdb-4.0.11-py3-none-any.whl (62 kB)
Collecting GitPython
  Using cached GitPython-3.1.43-py3-none-any.whl (207 kB)
Collecting glfw
  Using cached glfw-2.7.0-py2.py27.py3.py30.py31.py32.py33.py34.py35.py36.py37.py38-none-manylinux2014_x86_64.whl (211 kB)
Collecting grapheme
  Using cached grapheme-0.6.0.tar.gz (207 kB)
Collecting gym
  Using cached gym-0.26.2.tar.gz (721 kB)
  Installing build dependencies: started
  Installing build dependencies: finished with status 'done'
  Getting requirements to build wheel: started
  Getting requirements to build wheel: finished with status 'done'
    Preparing wheel metadata: started
    Preparing wheel metadata: finished with status 'done'
Collecting gym-notices
  Using cached gym_notices-0.0.8-py3-none-any.whl (3.0 kB)
Collecting gym-super-mario-bros
  Using cached gym_super_mario_bros-7.4.0-py3-none-any.whl (199 kB)
Collecting gymnasium
  Using cached gymnasium-0.29.1-py3-none-any.whl (953 kB)
Collecting h11
  Using cached h11-0.14.0-py3-none-any.whl (58 kB)
Collecting highway-env
  Using cached highway_env-1.10.1-py3-none-any.whl (104 kB)
Collecting httpcore
  Using cached httpcore-1.0.5-py3-none-any.whl (77 kB)
Collecting httpx
  Using cached httpx-0.27.2-py3-none-any.whl (76 kB)
Collecting idna
  Using cached idna-3.10-py3-none-any.whl (70 kB)
Collecting imageio
  Using cached imageio-2.35.1-py3-none-any.whl (315 kB)
Collecting imageio-ffmpeg
  Using cached imageio_ffmpeg-0.5.1-py3-none-manylinux2010_x86_64.whl (26.9 MB)
Collecting importlib_resources
  Using cached importlib_resources-6.4.5-py3-none-any.whl (36 kB)
Collecting ipykernel
  Using cached ipykernel-6.29.5-py3-none-any.whl (117 kB)
Collecting ipython
  Using cached ipython-8.12.3-py3-none-any.whl (798 kB)
Collecting ipywidgets
  Using cached ipywidgets-8.1.5-py3-none-any.whl (139 kB)
Collecting isoduration
  Using cached isoduration-20.11.0-py3-none-any.whl (11 kB)
Collecting jax
  Using cached jax-0.4.13.tar.gz (1.3 MB)
  Installing build dependencies: started
  Installing build dependencies: finished with status 'done'
  Getting requirements to build wheel: started
  Getting requirements to build wheel: finished with status 'done'
    Preparing wheel metadata: started
    Preparing wheel metadata: finished with status 'done'
Collecting jaxlib
  Using cached jaxlib-0.4.13-cp38-cp38-manylinux2014_x86_64.whl (71.6 MB)
Collecting jedi
  Using cached jedi-0.19.1-py2.py3-none-any.whl (1.6 MB)
Collecting Jinja2
  Using cached jinja2-3.1.4-py3-none-any.whl (133 kB)
Collecting json5
  Using cached json5-0.9.25-py3-none-any.whl (30 kB)
Collecting jsonpointer
  Using cached jsonpointer-3.0.0-py2.py3-none-any.whl (7.6 kB)
Collecting jsonschema
  Using cached jsonschema-4.23.0-py3-none-any.whl (88 kB)
Collecting jsonschema-specifications
  Using cached jsonschema_specifications-2023.12.1-py3-none-any.whl (18 kB)
Collecting jupyter
  Using cached jupyter-1.1.1-py2.py3-none-any.whl (2.7 kB)
Collecting jupyter-console
  Using cached jupyter_console-6.6.3-py3-none-any.whl (24 kB)
Collecting jupyter-events
  Using cached jupyter_events-0.10.0-py3-none-any.whl (18 kB)
Collecting jupyter-lsp
  Using cached jupyter_lsp-2.2.5-py3-none-any.whl (69 kB)
Collecting jupyter_client
  Using cached jupyter_client-8.6.3-py3-none-any.whl (106 kB)
Collecting jupyter_core
  Using cached jupyter_core-5.7.2-py3-none-any.whl (28 kB)
Collecting jupyter_server
  Using cached jupyter_server-2.14.2-py3-none-any.whl (383 kB)
Collecting jupyter_server_terminals
  Using cached jupyter_server_terminals-0.5.3-py3-none-any.whl (13 kB)
Collecting jupyterlab
  Using cached jupyterlab-4.2.5-py3-none-any.whl (11.6 MB)
Collecting jupyterlab_pygments
  Using cached jupyterlab_pygments-0.3.0-py3-none-any.whl (15 kB)
Collecting jupyterlab_server
  Using cached jupyterlab_server-2.27.3-py3-none-any.whl (59 kB)
Collecting jupyterlab_widgets
  Using cached jupyterlab_widgets-3.0.13-py3-none-any.whl (214 kB)
Collecting kiwisolver
  Using cached kiwisolver-1.4.7-cp38-cp38-manylinux_2_5_x86_64.manylinux1_x86_64.whl (1.2 MB)
Collecting lz4
  Using cached lz4-4.3.3-cp38-cp38-manylinux_2_17_x86_64.manylinux2014_x86_64.whl (1.3 MB)
Collecting Mako
  Using cached Mako-1.3.5-py3-none-any.whl (78 kB)
Collecting MarkupSafe
  Using cached MarkupSafe-2.1.5-cp38-cp38-manylinux_2_17_x86_64.manylinux2014_x86_64.whl (26 kB)
Collecting matplotlib
  Using cached matplotlib-3.7.5-cp38-cp38-manylinux_2_12_x86_64.manylinux2010_x86_64.whl (9.2 MB)
Collecting matplotlib-inline
  Using cached matplotlib_inline-0.1.7-py3-none-any.whl (9.9 kB)
Collecting mistune
  Using cached mistune-3.0.2-py3-none-any.whl (47 kB)
Collecting ml-dtypes
  Using cached ml_dtypes-0.2.0-cp38-cp38-manylinux_2_17_x86_64.manylinux2014_x86_64.whl (1.0 MB)
Collecting mo-gymnasium[mujoco]
  Using cached mo_gymnasium-1.1.0-py3-none-any.whl (469 kB)
Collecting moviepy
  Using cached moviepy-1.0.3.tar.gz (388 kB)
Collecting mpmath
  Using cached mpmath-1.3.0-py3-none-any.whl (536 kB)
Collecting mujoco
  Using cached mujoco-3.2.3-cp38-cp38-manylinux_2_17_x86_64.manylinux2014_x86_64.whl (6.1 MB)
Collecting nbclient
  Using cached nbclient-0.10.0-py3-none-any.whl (25 kB)
Collecting nbconvert
  Using cached nbconvert-7.16.4-py3-none-any.whl (257 kB)
Collecting nbformat
  Using cached nbformat-5.10.4-py3-none-any.whl (78 kB)
Collecting neat-python
  Using cached neat_python-0.92-py3-none-any.whl (44 kB)
Collecting nes-py
  Using cached nes_py-8.2.1.tar.gz (77 kB)
Collecting nest-asyncio
  Using cached nest_asyncio-1.6.0-py3-none-any.whl (5.2 kB)
Collecting networkx
  Using cached networkx-3.1-py3-none-any.whl (2.1 MB)
Collecting notebook
  Using cached notebook-7.2.2-py3-none-any.whl (5.0 MB)
Collecting notebook_shim
  Using cached notebook_shim-0.2.4-py3-none-any.whl (13 kB)
Collecting numpy
  Using cached numpy-1.24.4-cp38-cp38-manylinux_2_17_x86_64.manylinux2014_x86_64.whl (17.3 MB)
Collecting opencv-python
  Using cached opencv_python-4.10.0.84-cp37-abi3-manylinux_2_17_x86_64.manylinux2014_x86_64.whl (62.5 MB)
Collecting opt-einsum
  Using cached opt_einsum-3.4.0-py3-none-any.whl (71 kB)
Collecting optuna
  Using cached optuna-4.0.0-py3-none-any.whl (362 kB)
Collecting overrides
  Using cached overrides-7.7.0-py3-none-any.whl (17 kB)
Collecting packaging
  Using cached packaging-24.1-py3-none-any.whl (53 kB)
Collecting pandas
  Using cached pandas-2.0.3-cp38-cp38-manylinux_2_17_x86_64.manylinux2014_x86_64.whl (12.4 MB)
Collecting pandocfilters
  Using cached pandocfilters-1.5.1-py2.py3-none-any.whl (8.7 kB)
Collecting parso
  Using cached parso-0.8.4-py2.py3-none-any.whl (103 kB)
Collecting pexpect
  Using cached pexpect-4.9.0-py2.py3-none-any.whl (63 kB)
Collecting pillow
  Using cached pillow-10.4.0-cp38-cp38-manylinux_2_28_x86_64.whl (4.5 MB)
Collecting platformdirs
  Using cached platformdirs-4.3.6-py3-none-any.whl (18 kB)
Collecting plotly
  Using cached plotly-5.24.1-py3-none-any.whl (19.1 MB)
Collecting proglog
  Using cached proglog-0.1.10-py3-none-any.whl (6.1 kB)
Collecting prometheus_client
  Using cached prometheus_client-0.21.0-py3-none-any.whl (54 kB)
Collecting prompt_toolkit
  Using cached prompt_toolkit-3.0.48-py3-none-any.whl (386 kB)
Collecting protobuf
  Using cached protobuf-5.28.2-cp38-abi3-manylinux2014_x86_64.whl (316 kB)
Collecting psutil
  Using cached psutil-6.0.0-cp36-abi3-manylinux_2_12_x86_64.manylinux2010_x86_64.manylinux_2_17_x86_64.manylinux2014_x86_64.whl (290 kB)
Collecting ptyprocess
  Using cached ptyprocess-0.7.0-py2.py3-none-any.whl (13 kB)
Collecting pure-eval
  Using cached pure_eval-0.2.3-py3-none-any.whl (11 kB)
Collecting pycparser
  Using cached pycparser-2.22-py3-none-any.whl (117 kB)
Collecting pygame
  Using cached pygame-2.6.1-cp38-cp38-manylinux_2_17_x86_64.manylinux2014_x86_64.whl (14.0 MB)
Collecting pyglet
  Using cached pyglet-2.0.17-py3-none-any.whl (936 kB)
Collecting Pygments
  Using cached pygments-2.18.0-py3-none-any.whl (1.2 MB)
Collecting pymoo
  Using cached pymoo-0.6.1.2.tar.gz (1.3 MB)
Collecting PyOpenGL
  Using cached PyOpenGL-3.1.7-py3-none-any.whl (2.4 MB)
Collecting pyparsing
  Using cached pyparsing-3.1.4-py3-none-any.whl (104 kB)
Collecting python-dateutil
  Using cached python_dateutil-2.9.0.post0-py2.py3-none-any.whl (229 kB)
Collecting python-dotenv
  Using cached python_dotenv-1.0.1-py3-none-any.whl (19 kB)
Collecting python-json-logger
  Using cached python_json_logger-2.0.7-py3-none-any.whl (8.1 kB)
Collecting pytz
  Using cached pytz-2024.2-py2.py3-none-any.whl (508 kB)
Collecting PyYAML
  Using cached PyYAML-6.0.2-cp38-cp38-manylinux_2_17_x86_64.manylinux2014_x86_64.whl (746 kB)
Collecting pyzmq
  Using cached pyzmq-26.2.0-cp38-cp38-manylinux_2_12_x86_64.manylinux2010_x86_64.whl (862 kB)
Collecting qtconsole
  Using cached qtconsole-5.6.0-py3-none-any.whl (124 kB)
Collecting QtPy
  Using cached QtPy-2.4.1-py3-none-any.whl (93 kB)
Collecting referencing
  Using cached referencing-0.35.1-py3-none-any.whl (26 kB)
Collecting requests
  Using cached requests-2.32.3-py3-none-any.whl (64 kB)
Collecting rfc3339-validator
  Using cached rfc3339_validator-0.1.4-py2.py3-none-any.whl (3.5 kB)
Collecting rfc3986-validator
  Using cached rfc3986_validator-0.1.1-py2.py3-none-any.whl (4.2 kB)
Collecting rpds-py
  Using cached rpds_py-0.20.0-cp38-cp38-manylinux_2_17_x86_64.manylinux2014_x86_64.whl (355 kB)
Collecting scipy
  Using cached scipy-1.10.1-cp38-cp38-manylinux_2_17_x86_64.manylinux2014_x86_64.whl (34.5 MB)
Collecting Send2Trash
  Using cached Send2Trash-1.8.3-py3-none-any.whl (18 kB)
Collecting sentry-sdk
  Using cached sentry_sdk-2.14.0-py2.py3-none-any.whl (311 kB)
Collecting setproctitle
  Using cached setproctitle-1.3.3-cp38-cp38-manylinux_2_5_x86_64.manylinux1_x86_64.manylinux_2_17_x86_64.manylinux2014_x86_64.whl (31 kB)
Collecting Shimmy
  Using cached Shimmy-2.0.0-py3-none-any.whl (30 kB)
Collecting six
  Using cached six-1.16.0-py2.py3-none-any.whl (11 kB)
Collecting smmap
  Using cached smmap-5.0.1-py3-none-any.whl (24 kB)
Collecting sniffio
  Using cached sniffio-1.3.1-py3-none-any.whl (10 kB)
Collecting soupsieve
  Using cached soupsieve-2.6-py3-none-any.whl (36 kB)
Collecting SQLAlchemy
  Using cached SQLAlchemy-2.0.35-cp38-cp38-manylinux_2_17_x86_64.manylinux2014_x86_64.whl (3.1 MB)
Collecting stack-data
  Using cached stack_data-0.6.3-py3-none-any.whl (24 kB)
Collecting swig
  Using cached swig-4.2.1-py2.py3-none-manylinux_2_5_x86_64.manylinux1_x86_64.whl (1.9 MB)
Collecting sympy
  Using cached sympy-1.13.3-py3-none-any.whl (6.2 MB)
Collecting tenacity
  Using cached tenacity-9.0.0-py3-none-any.whl (28 kB)
Collecting terminado
  Using cached terminado-0.18.1-py3-none-any.whl (14 kB)
Collecting tinycss2
  Using cached tinycss2-1.3.0-py3-none-any.whl (22 kB)
Collecting tomli
  Using cached tomli-2.0.1-py3-none-any.whl (12 kB)
Collecting torch
  Downloading torch-2.4.1-cp38-cp38-manylinux1_x86_64.whl (797.1 MB)
/tmp/nix-shell.YZlVv6: Zeile 310: 371298 Killed                  pip install -r requirements.txt
Finished executing venvShellHook
Traceback (most recent call last):
  File "/data/oc-compute02/holzbage/MONEAT/main.py", line 1, in <module>
    import mo_gymnasium as gym
ModuleNotFoundError: No module named 'mo_gymnasium'
slurmstepd: error: Detected 1 oom_kill event in StepId=635148.0. Some of the step tasks have been OOM Killed.
srun: error: oc222: task 0: Out Of Memory
