warning: Git tree '/data/oc-compute02/holzbage/MONEAT' is dirty
Executing venvHook
Skipping venv creation, './.venv' already exists
Requirement already satisfied: about-time in ./.venv/lib/python3.8/site-packages (from -r requirements.txt (line 1)) (4.2.1)
Requirement already satisfied: absl-py in ./.venv/lib/python3.8/site-packages (from -r requirements.txt (line 2)) (2.1.0)
Collecting ale-py
  Using cached ale_py-0.10.1-cp38-cp38-manylinux_2_17_x86_64.manylinux2014_x86_64.whl (2.1 MB)
Requirement already satisfied: alembic in ./.venv/lib/python3.8/site-packages (from -r requirements.txt (line 4)) (1.13.3)
Requirement already satisfied: alive-progress in ./.venv/lib/python3.8/site-packages (from -r requirements.txt (line 5)) (3.1.5)
Requirement already satisfied: anyio in ./.venv/lib/python3.8/site-packages (from -r requirements.txt (line 6)) (4.5.0)
Collecting appnope
  Using cached appnope-0.1.4-py2.py3-none-any.whl (4.3 kB)
Requirement already satisfied: argon2-cffi in ./.venv/lib/python3.8/site-packages (from -r requirements.txt (line 8)) (23.1.0)
Requirement already satisfied: argon2-cffi-bindings in ./.venv/lib/python3.8/site-packages (from -r requirements.txt (line 9)) (21.2.0)
Requirement already satisfied: arrow in ./.venv/lib/python3.8/site-packages (from -r requirements.txt (line 10)) (1.3.0)
Requirement already satisfied: asttokens in ./.venv/lib/python3.8/site-packages (from -r requirements.txt (line 11)) (2.4.1)
Requirement already satisfied: async-lru in ./.venv/lib/python3.8/site-packages (from -r requirements.txt (line 12)) (2.0.4)
Requirement already satisfied: attrs in ./.venv/lib/python3.8/site-packages (from -r requirements.txt (line 13)) (24.2.0)
Requirement already satisfied: autograd in ./.venv/lib/python3.8/site-packages (from -r requirements.txt (line 14)) (1.7.0)
Requirement already satisfied: Babel in ./.venv/lib/python3.8/site-packages (from -r requirements.txt (line 15)) (2.16.0)
Requirement already satisfied: beautifulsoup4 in ./.venv/lib/python3.8/site-packages (from -r requirements.txt (line 16)) (4.12.3)
Requirement already satisfied: bleach in ./.venv/lib/python3.8/site-packages (from -r requirements.txt (line 17)) (6.1.0)
Collecting box2d-py
  Using cached box2d-py-2.3.8.tar.gz (374 kB)
Requirement already satisfied: certifi in ./.venv/lib/python3.8/site-packages (from -r requirements.txt (line 19)) (2024.8.30)
Requirement already satisfied: cffi in ./.venv/lib/python3.8/site-packages (from -r requirements.txt (line 20)) (1.17.1)
Requirement already satisfied: charset-normalizer in ./.venv/lib/python3.8/site-packages (from -r requirements.txt (line 21)) (3.3.2)
Requirement already satisfied: click in ./.venv/lib/python3.8/site-packages (from -r requirements.txt (line 22)) (8.1.7)
Requirement already satisfied: cloudpickle in ./.venv/lib/python3.8/site-packages (from -r requirements.txt (line 23)) (3.0.0)
Requirement already satisfied: cma in ./.venv/lib/python3.8/site-packages (from -r requirements.txt (line 24)) (3.2.2)
Requirement already satisfied: colorlog in ./.venv/lib/python3.8/site-packages (from -r requirements.txt (line 25)) (6.8.2)
Requirement already satisfied: comm in ./.venv/lib/python3.8/site-packages (from -r requirements.txt (line 26)) (0.2.2)
Requirement already satisfied: contourpy in ./.venv/lib/python3.8/site-packages (from -r requirements.txt (line 27)) (1.1.1)
Requirement already satisfied: cycler in ./.venv/lib/python3.8/site-packages (from -r requirements.txt (line 28)) (0.12.1)
Collecting Cython
  Using cached Cython-3.0.11-cp38-cp38-manylinux_2_17_x86_64.manylinux2014_x86_64.whl (3.6 MB)
Collecting deap
  Using cached deap-1.4.1-cp38-cp38-manylinux_2_5_x86_64.manylinux1_x86_64.manylinux_2_17_x86_64.manylinux2014_x86_64.whl (135 kB)
Requirement already satisfied: debugpy in ./.venv/lib/python3.8/site-packages (from -r requirements.txt (line 31)) (1.8.6)
Requirement already satisfied: decorator in ./.venv/lib/python3.8/site-packages (from -r requirements.txt (line 32)) (4.4.2)
Requirement already satisfied: defusedxml in ./.venv/lib/python3.8/site-packages (from -r requirements.txt (line 33)) (0.7.1)
Requirement already satisfied: Deprecated in ./.venv/lib/python3.8/site-packages (from -r requirements.txt (line 34)) (1.2.14)
Requirement already satisfied: dill in ./.venv/lib/python3.8/site-packages (from -r requirements.txt (line 35)) (0.3.9)
Requirement already satisfied: docker-pycreds in ./.venv/lib/python3.8/site-packages (from -r requirements.txt (line 36)) (0.4.0)
Requirement already satisfied: etils in ./.venv/lib/python3.8/site-packages (from -r requirements.txt (line 37)) (1.3.0)
Requirement already satisfied: exceptiongroup in ./.venv/lib/python3.8/site-packages (from -r requirements.txt (line 38)) (1.2.2)
Requirement already satisfied: executing in ./.venv/lib/python3.8/site-packages (from -r requirements.txt (line 39)) (2.1.0)
Requirement already satisfied: Farama-Notifications in ./.venv/lib/python3.8/site-packages (from -r requirements.txt (line 40)) (0.0.4)
Collecting fasteners
  Using cached fasteners-0.19-py3-none-any.whl (18 kB)
Requirement already satisfied: fastjsonschema in ./.venv/lib/python3.8/site-packages (from -r requirements.txt (line 42)) (2.20.0)
Requirement already satisfied: filelock in ./.venv/lib/python3.8/site-packages (from -r requirements.txt (line 43)) (3.16.1)
Requirement already satisfied: fonttools in ./.venv/lib/python3.8/site-packages (from -r requirements.txt (line 44)) (4.54.1)
Requirement already satisfied: fqdn in ./.venv/lib/python3.8/site-packages (from -r requirements.txt (line 45)) (1.5.1)
Requirement already satisfied: fsspec in ./.venv/lib/python3.8/site-packages (from -r requirements.txt (line 46)) (2024.9.0)
Collecting future
  Using cached future-1.0.0-py3-none-any.whl (491 kB)
Collecting git-filter-repo
  Using cached git_filter_repo-2.45.0-py3-none-any.whl (64 kB)
Requirement already satisfied: gitdb in ./.venv/lib/python3.8/site-packages (from -r requirements.txt (line 49)) (4.0.11)
Requirement already satisfied: GitPython in ./.venv/lib/python3.8/site-packages (from -r requirements.txt (line 50)) (3.1.43)
Requirement already satisfied: glfw in ./.venv/lib/python3.8/site-packages (from -r requirements.txt (line 51)) (2.7.0)
Requirement already satisfied: grapheme in ./.venv/lib/python3.8/site-packages (from -r requirements.txt (line 52)) (0.6.0)
Requirement already satisfied: gym in ./.venv/lib/python3.8/site-packages (from -r requirements.txt (line 53)) (0.26.2)
Requirement already satisfied: gym-notices in ./.venv/lib/python3.8/site-packages (from -r requirements.txt (line 54)) (0.0.8)
Collecting gym-super-mario-bros
  Using cached gym_super_mario_bros-7.4.0-py3-none-any.whl (199 kB)
Requirement already satisfied: gymnasium in ./.venv/lib/python3.8/site-packages (from -r requirements.txt (line 56)) (1.0.0a2)
Requirement already satisfied: h11 in ./.venv/lib/python3.8/site-packages (from -r requirements.txt (line 57)) (0.14.0)
Collecting highway-env
  Using cached highway_env-1.10.1-py3-none-any.whl (104 kB)
Requirement already satisfied: httpcore in ./.venv/lib/python3.8/site-packages (from -r requirements.txt (line 59)) (1.0.5)
Requirement already satisfied: httpx in ./.venv/lib/python3.8/site-packages (from -r requirements.txt (line 60)) (0.27.2)
Requirement already satisfied: idna in ./.venv/lib/python3.8/site-packages (from -r requirements.txt (line 61)) (3.10)
Requirement already satisfied: imageio in ./.venv/lib/python3.8/site-packages (from -r requirements.txt (line 62)) (2.35.1)
Requirement already satisfied: imageio-ffmpeg in ./.venv/lib/python3.8/site-packages (from -r requirements.txt (line 63)) (0.5.1)
Requirement already satisfied: importlib_resources in ./.venv/lib/python3.8/site-packages (from -r requirements.txt (line 64)) (6.4.5)
Requirement already satisfied: ipykernel in ./.venv/lib/python3.8/site-packages (from -r requirements.txt (line 65)) (6.29.5)
Requirement already satisfied: ipython in ./.venv/lib/python3.8/site-packages (from -r requirements.txt (line 66)) (8.12.3)
Requirement already satisfied: ipywidgets in ./.venv/lib/python3.8/site-packages (from -r requirements.txt (line 67)) (8.1.5)
Requirement already satisfied: isoduration in ./.venv/lib/python3.8/site-packages (from -r requirements.txt (line 68)) (20.11.0)
Collecting jax
  Using cached jax-0.4.13-py3-none-any.whl
Collecting jaxlib
  Using cached jaxlib-0.4.13-cp38-cp38-manylinux2014_x86_64.whl (71.6 MB)
Requirement already satisfied: jedi in ./.venv/lib/python3.8/site-packages (from -r requirements.txt (line 71)) (0.19.1)
Requirement already satisfied: Jinja2 in ./.venv/lib/python3.8/site-packages (from -r requirements.txt (line 72)) (3.1.4)
Requirement already satisfied: json5 in ./.venv/lib/python3.8/site-packages (from -r requirements.txt (line 73)) (0.9.25)
Requirement already satisfied: jsonpointer in ./.venv/lib/python3.8/site-packages (from -r requirements.txt (line 74)) (3.0.0)
Requirement already satisfied: jsonschema in ./.venv/lib/python3.8/site-packages (from -r requirements.txt (line 75)) (4.23.0)
Requirement already satisfied: jsonschema-specifications in ./.venv/lib/python3.8/site-packages (from -r requirements.txt (line 76)) (2023.12.1)
Collecting jupyter
  Using cached jupyter-1.1.1-py2.py3-none-any.whl (2.7 kB)
Requirement already satisfied: jupyter-console in ./.venv/lib/python3.8/site-packages (from -r requirements.txt (line 78)) (6.6.3)
Requirement already satisfied: jupyter-events in ./.venv/lib/python3.8/site-packages (from -r requirements.txt (line 79)) (0.10.0)
Requirement already satisfied: jupyter-lsp in ./.venv/lib/python3.8/site-packages (from -r requirements.txt (line 80)) (2.2.5)
Requirement already satisfied: jupyter_client in ./.venv/lib/python3.8/site-packages (from -r requirements.txt (line 81)) (8.6.3)
Requirement already satisfied: jupyter_core in ./.venv/lib/python3.8/site-packages (from -r requirements.txt (line 82)) (5.7.2)
Requirement already satisfied: jupyter_server in ./.venv/lib/python3.8/site-packages (from -r requirements.txt (line 83)) (2.14.2)
Requirement already satisfied: jupyter_server_terminals in ./.venv/lib/python3.8/site-packages (from -r requirements.txt (line 84)) (0.5.3)
Requirement already satisfied: jupyterlab in ./.venv/lib/python3.8/site-packages (from -r requirements.txt (line 85)) (4.2.5)
Requirement already satisfied: jupyterlab_pygments in ./.venv/lib/python3.8/site-packages (from -r requirements.txt (line 86)) (0.3.0)
Requirement already satisfied: jupyterlab_server in ./.venv/lib/python3.8/site-packages (from -r requirements.txt (line 87)) (2.27.3)
Requirement already satisfied: jupyterlab_widgets in ./.venv/lib/python3.8/site-packages (from -r requirements.txt (line 88)) (3.0.13)
Requirement already satisfied: kiwisolver in ./.venv/lib/python3.8/site-packages (from -r requirements.txt (line 89)) (1.4.7)
Collecting lz4
  Using cached lz4-4.3.3-cp38-cp38-manylinux_2_17_x86_64.manylinux2014_x86_64.whl (1.3 MB)
Requirement already satisfied: Mako in ./.venv/lib/python3.8/site-packages (from -r requirements.txt (line 91)) (1.3.5)
Requirement already satisfied: MarkupSafe in ./.venv/lib/python3.8/site-packages (from -r requirements.txt (line 92)) (2.1.5)
Requirement already satisfied: matplotlib in ./.venv/lib/python3.8/site-packages (from -r requirements.txt (line 93)) (3.7.5)
Requirement already satisfied: matplotlib-inline in ./.venv/lib/python3.8/site-packages (from -r requirements.txt (line 94)) (0.1.7)
Requirement already satisfied: mistune in ./.venv/lib/python3.8/site-packages (from -r requirements.txt (line 95)) (3.0.2)
Requirement already satisfied: ml-dtypes in ./.venv/lib/python3.8/site-packages (from -r requirements.txt (line 96)) (0.2.0)
Requirement already satisfied: mo-gymnasium[mujoco] in ./.venv/lib/python3.8/site-packages (from -r requirements.txt (line 97)) (1.0.0)
Collecting moviepy
  Using cached moviepy-1.0.3.tar.gz (388 kB)
Requirement already satisfied: mpmath in ./.venv/lib/python3.8/site-packages (from -r requirements.txt (line 99)) (1.3.0)
Requirement already satisfied: mujoco in ./.venv/lib/python3.8/site-packages (from -r requirements.txt (line 100)) (3.2.3)
Requirement already satisfied: nbclient in ./.venv/lib/python3.8/site-packages (from -r requirements.txt (line 101)) (0.10.0)
Requirement already satisfied: nbconvert in ./.venv/lib/python3.8/site-packages (from -r requirements.txt (line 102)) (7.16.4)
Requirement already satisfied: nbformat in ./.venv/lib/python3.8/site-packages (from -r requirements.txt (line 103)) (5.10.4)
Collecting neat-python
  Using cached neat_python-0.92-py3-none-any.whl (44 kB)
Requirement already satisfied: nes-py in ./.venv/lib/python3.8/site-packages (from -r requirements.txt (line 105)) (8.2.1)
Requirement already satisfied: nest-asyncio in ./.venv/lib/python3.8/site-packages (from -r requirements.txt (line 106)) (1.6.0)
Requirement already satisfied: networkx in ./.venv/lib/python3.8/site-packages (from -r requirements.txt (line 107)) (3.1)
Requirement already satisfied: notebook in ./.venv/lib/python3.8/site-packages (from -r requirements.txt (line 108)) (7.2.2)
Requirement already satisfied: notebook_shim in ./.venv/lib/python3.8/site-packages (from -r requirements.txt (line 109)) (0.2.4)
Requirement already satisfied: numpy in ./.venv/lib/python3.8/site-packages (from -r requirements.txt (line 110)) (1.24.4)
Collecting opencv-python
  Using cached opencv_python-4.10.0.84-cp37-abi3-manylinux_2_17_x86_64.manylinux2014_x86_64.whl (62.5 MB)
Requirement already satisfied: opt-einsum in ./.venv/lib/python3.8/site-packages (from -r requirements.txt (line 112)) (3.4.0)
Collecting optuna
  Using cached optuna-4.0.0-py3-none-any.whl (362 kB)
Requirement already satisfied: overrides in ./.venv/lib/python3.8/site-packages (from -r requirements.txt (line 114)) (7.7.0)
Requirement already satisfied: packaging in ./.venv/lib/python3.8/site-packages (from -r requirements.txt (line 115)) (24.1)
Requirement already satisfied: pandas in ./.venv/lib/python3.8/site-packages (from -r requirements.txt (line 116)) (2.0.3)
Requirement already satisfied: pandocfilters in ./.venv/lib/python3.8/site-packages (from -r requirements.txt (line 117)) (1.5.1)
Requirement already satisfied: parso in ./.venv/lib/python3.8/site-packages (from -r requirements.txt (line 118)) (0.8.4)
Requirement already satisfied: pexpect in ./.venv/lib/python3.8/site-packages (from -r requirements.txt (line 119)) (4.9.0)
Requirement already satisfied: pillow in ./.venv/lib/python3.8/site-packages (from -r requirements.txt (line 120)) (10.4.0)
Requirement already satisfied: platformdirs in ./.venv/lib/python3.8/site-packages (from -r requirements.txt (line 121)) (4.3.6)
Requirement already satisfied: plotly in ./.venv/lib/python3.8/site-packages (from -r requirements.txt (line 122)) (5.24.1)
Requirement already satisfied: proglog in ./.venv/lib/python3.8/site-packages (from -r requirements.txt (line 123)) (0.1.10)
Requirement already satisfied: prometheus_client in ./.venv/lib/python3.8/site-packages (from -r requirements.txt (line 124)) (0.21.0)
Requirement already satisfied: prompt_toolkit in ./.venv/lib/python3.8/site-packages (from -r requirements.txt (line 125)) (3.0.48)
Requirement already satisfied: protobuf in ./.venv/lib/python3.8/site-packages (from -r requirements.txt (line 126)) (5.28.2)
Requirement already satisfied: psutil in ./.venv/lib/python3.8/site-packages (from -r requirements.txt (line 127)) (6.0.0)
Requirement already satisfied: ptyprocess in ./.venv/lib/python3.8/site-packages (from -r requirements.txt (line 128)) (0.7.0)
Requirement already satisfied: pure-eval in ./.venv/lib/python3.8/site-packages (from -r requirements.txt (line 129)) (0.2.3)
Requirement already satisfied: pycparser in ./.venv/lib/python3.8/site-packages (from -r requirements.txt (line 130)) (2.22)
Requirement already satisfied: pygame in ./.venv/lib/python3.8/site-packages (from -r requirements.txt (line 131)) (2.6.1)
Requirement already satisfied: pyglet in ./.venv/lib/python3.8/site-packages (from -r requirements.txt (line 132)) (1.5.21)
Requirement already satisfied: Pygments in ./.venv/lib/python3.8/site-packages (from -r requirements.txt (line 133)) (2.18.0)
Requirement already satisfied: pymoo in ./.venv/lib/python3.8/site-packages (from -r requirements.txt (line 134)) (0.6.1.2)
Requirement already satisfied: PyOpenGL in ./.venv/lib/python3.8/site-packages (from -r requirements.txt (line 135)) (3.1.7)
Requirement already satisfied: pyparsing in ./.venv/lib/python3.8/site-packages (from -r requirements.txt (line 136)) (3.1.4)
Requirement already satisfied: python-dateutil in ./.venv/lib/python3.8/site-packages (from -r requirements.txt (line 137)) (2.9.0.post0)
Requirement already satisfied: python-dotenv in ./.venv/lib/python3.8/site-packages (from -r requirements.txt (line 138)) (1.0.1)
Requirement already satisfied: python-json-logger in ./.venv/lib/python3.8/site-packages (from -r requirements.txt (line 139)) (2.0.7)
Requirement already satisfied: pytz in ./.venv/lib/python3.8/site-packages (from -r requirements.txt (line 140)) (2024.2)
Requirement already satisfied: PyYAML in ./.venv/lib/python3.8/site-packages (from -r requirements.txt (line 141)) (6.0.2)
Requirement already satisfied: pyzmq in ./.venv/lib/python3.8/site-packages (from -r requirements.txt (line 142)) (26.2.0)
Requirement already satisfied: qtconsole in ./.venv/lib/python3.8/site-packages (from -r requirements.txt (line 143)) (5.6.0)
Requirement already satisfied: QtPy in ./.venv/lib/python3.8/site-packages (from -r requirements.txt (line 144)) (2.4.1)
Requirement already satisfied: referencing in ./.venv/lib/python3.8/site-packages (from -r requirements.txt (line 145)) (0.35.1)
Requirement already satisfied: requests in ./.venv/lib/python3.8/site-packages (from -r requirements.txt (line 146)) (2.32.3)
Requirement already satisfied: rfc3339-validator in ./.venv/lib/python3.8/site-packages (from -r requirements.txt (line 147)) (0.1.4)
Requirement already satisfied: rfc3986-validator in ./.venv/lib/python3.8/site-packages (from -r requirements.txt (line 148)) (0.1.1)
Requirement already satisfied: rpds-py in ./.venv/lib/python3.8/site-packages (from -r requirements.txt (line 149)) (0.20.0)
Requirement already satisfied: scipy in ./.venv/lib/python3.8/site-packages (from -r requirements.txt (line 150)) (1.10.1)
Requirement already satisfied: Send2Trash in ./.venv/lib/python3.8/site-packages (from -r requirements.txt (line 151)) (1.8.3)
Requirement already satisfied: sentry-sdk in ./.venv/lib/python3.8/site-packages (from -r requirements.txt (line 152)) (2.14.0)
Requirement already satisfied: setproctitle in ./.venv/lib/python3.8/site-packages (from -r requirements.txt (line 153)) (1.3.3)
Requirement already satisfied: Shimmy in ./.venv/lib/python3.8/site-packages (from -r requirements.txt (line 154)) (2.0.0)
Requirement already satisfied: six in ./.venv/lib/python3.8/site-packages (from -r requirements.txt (line 155)) (1.16.0)
Requirement already satisfied: smmap in ./.venv/lib/python3.8/site-packages (from -r requirements.txt (line 156)) (5.0.1)
Requirement already satisfied: sniffio in ./.venv/lib/python3.8/site-packages (from -r requirements.txt (line 157)) (1.3.1)
Requirement already satisfied: soupsieve in ./.venv/lib/python3.8/site-packages (from -r requirements.txt (line 158)) (2.6)
Requirement already satisfied: SQLAlchemy in ./.venv/lib/python3.8/site-packages (from -r requirements.txt (line 159)) (2.0.35)
Requirement already satisfied: stack-data in ./.venv/lib/python3.8/site-packages (from -r requirements.txt (line 160)) (0.6.3)
Requirement already satisfied: swig in ./.venv/lib/python3.8/site-packages (from -r requirements.txt (line 161)) (4.2.1)
Requirement already satisfied: sympy in ./.venv/lib/python3.8/site-packages (from -r requirements.txt (line 162)) (1.13.3)
Requirement already satisfied: tenacity in ./.venv/lib/python3.8/site-packages (from -r requirements.txt (line 163)) (9.0.0)
Requirement already satisfied: terminado in ./.venv/lib/python3.8/site-packages (from -r requirements.txt (line 164)) (0.18.1)
Requirement already satisfied: tinycss2 in ./.venv/lib/python3.8/site-packages (from -r requirements.txt (line 165)) (1.3.0)
Requirement already satisfied: tomli in ./.venv/lib/python3.8/site-packages (from -r requirements.txt (line 166)) (2.0.1)
Requirement already satisfied: torch in ./.venv/lib/python3.8/site-packages (from -r requirements.txt (line 167)) (2.4.1)
Requirement already satisfied: tornado in ./.venv/lib/python3.8/site-packages (from -r requirements.txt (line 168)) (6.4.1)
Requirement already satisfied: tqdm in ./.venv/lib/python3.8/site-packages (from -r requirements.txt (line 169)) (4.66.5)
Requirement already satisfied: traitlets in ./.venv/lib/python3.8/site-packages (from -r requirements.txt (line 170)) (5.14.3)
Requirement already satisfied: types-python-dateutil in ./.venv/lib/python3.8/site-packages (from -r requirements.txt (line 171)) (2.9.0.20240906)
Requirement already satisfied: typing_extensions in ./.venv/lib/python3.8/site-packages (from -r requirements.txt (line 172)) (4.12.2)
Requirement already satisfied: tzdata in ./.venv/lib/python3.8/site-packages (from -r requirements.txt (line 173)) (2024.2)
Requirement already satisfied: uri-template in ./.venv/lib/python3.8/site-packages (from -r requirements.txt (line 174)) (1.3.0)
Requirement already satisfied: urllib3 in ./.venv/lib/python3.8/site-packages (from -r requirements.txt (line 175)) (2.2.3)
Requirement already satisfied: wandb in ./.venv/lib/python3.8/site-packages (from -r requirements.txt (line 176)) (0.18.2)
Requirement already satisfied: wcwidth in ./.venv/lib/python3.8/site-packages (from -r requirements.txt (line 177)) (0.2.13)
Requirement already satisfied: webcolors in ./.venv/lib/python3.8/site-packages (from -r requirements.txt (line 178)) (24.8.0)
Requirement already satisfied: webencodings in ./.venv/lib/python3.8/site-packages (from -r requirements.txt (line 179)) (0.5.1)
Requirement already satisfied: websocket-client in ./.venv/lib/python3.8/site-packages (from -r requirements.txt (line 180)) (1.8.0)
Requirement already satisfied: widgetsnbextension in ./.venv/lib/python3.8/site-packages (from -r requirements.txt (line 181)) (4.0.13)
Requirement already satisfied: wrapt in ./.venv/lib/python3.8/site-packages (from -r requirements.txt (line 182)) (1.16.0)
Requirement already satisfied: zipp in ./.venv/lib/python3.8/site-packages (from -r requirements.txt (line 183)) (3.20.2)
Requirement already satisfied: importlib-metadata>=4.10.0 in ./.venv/lib/python3.8/site-packages (from ale-py->-r requirements.txt (line 3)) (8.5.0)
Requirement already satisfied: greenlet!=0.4.17 in ./.venv/lib/python3.8/site-packages (from SQLAlchemy->-r requirements.txt (line 159)) (3.1.1)
Requirement already satisfied: setuptools in ./.venv/lib/python3.8/site-packages (from imageio-ffmpeg->-r requirements.txt (line 63)) (56.0.0)
Requirement already satisfied: pickleshare in ./.venv/lib/python3.8/site-packages (from ipython->-r requirements.txt (line 66)) (0.7.5)
Requirement already satisfied: backcall in ./.venv/lib/python3.8/site-packages (from ipython->-r requirements.txt (line 66)) (0.2.0)
Requirement already satisfied: pkgutil-resolve-name>=1.3.10 in ./.venv/lib/python3.8/site-packages (from jsonschema->-r requirements.txt (line 75)) (1.3.10)
Requirement already satisfied: nvidia-nvtx-cu12==12.1.105 in ./.venv/lib/python3.8/site-packages (from torch->-r requirements.txt (line 167)) (12.1.105)
Requirement already satisfied: nvidia-cufft-cu12==11.0.2.54 in ./.venv/lib/python3.8/site-packages (from torch->-r requirements.txt (line 167)) (11.0.2.54)
Requirement already satisfied: nvidia-cudnn-cu12==9.1.0.70 in ./.venv/lib/python3.8/site-packages (from torch->-r requirements.txt (line 167)) (9.1.0.70)
Requirement already satisfied: nvidia-cusparse-cu12==12.1.0.106 in ./.venv/lib/python3.8/site-packages (from torch->-r requirements.txt (line 167)) (12.1.0.106)
Requirement already satisfied: triton==3.0.0 in ./.venv/lib/python3.8/site-packages (from torch->-r requirements.txt (line 167)) (3.0.0)
Requirement already satisfied: nvidia-cusolver-cu12==11.4.5.107 in ./.venv/lib/python3.8/site-packages (from torch->-r requirements.txt (line 167)) (11.4.5.107)
Requirement already satisfied: nvidia-cuda-cupti-cu12==12.1.105 in ./.venv/lib/python3.8/site-packages (from torch->-r requirements.txt (line 167)) (12.1.105)
Requirement already satisfied: nvidia-cuda-runtime-cu12==12.1.105 in ./.venv/lib/python3.8/site-packages (from torch->-r requirements.txt (line 167)) (12.1.105)
Requirement already satisfied: nvidia-cublas-cu12==12.1.3.1 in ./.venv/lib/python3.8/site-packages (from torch->-r requirements.txt (line 167)) (12.1.3.1)
Requirement already satisfied: nvidia-curand-cu12==10.3.2.106 in ./.venv/lib/python3.8/site-packages (from torch->-r requirements.txt (line 167)) (10.3.2.106)
Requirement already satisfied: nvidia-nccl-cu12==2.20.5 in ./.venv/lib/python3.8/site-packages (from torch->-r requirements.txt (line 167)) (2.20.5)
Requirement already satisfied: nvidia-cuda-nvrtc-cu12==12.1.105 in ./.venv/lib/python3.8/site-packages (from torch->-r requirements.txt (line 167)) (12.1.105)
Requirement already satisfied: nvidia-nvjitlink-cu12 in ./.venv/lib/python3.8/site-packages (from nvidia-cusolver-cu12==11.4.5.107->torch->-r requirements.txt (line 167)) (12.6.68)
Using legacy 'setup.py install' for box2d-py, since package 'wheel' is not installed.
Using legacy 'setup.py install' for moviepy, since package 'wheel' is not installed.
Installing collected packages: optuna, opencv-python, neat-python, moviepy, lz4, jupyter, jaxlib, jax, highway-env, gym-super-mario-bros, git-filter-repo, future, fasteners, deap, Cython, box2d-py, appnope, ale-py
    Running setup.py install for moviepy: started
    Running setup.py install for moviepy: finished with status 'done'
    Running setup.py install for box2d-py: started
    Running setup.py install for box2d-py: finished with status 'error'
    ERROR: Command errored out with exit status 1:
     command: /data/oc-compute02/holzbage/MONEAT/.venv/bin/python3.8 -u -c 'import io, os, sys, setuptools, tokenize; sys.argv[0] = '"'"'/tmp/nix-shell.8SZlR4/pip-install-rs77b465/box2d-py_06591977bdb340dc809ba0e51a8ec211/setup.py'"'"'; __file__='"'"'/tmp/nix-shell.8SZlR4/pip-install-rs77b465/box2d-py_06591977bdb340dc809ba0e51a8ec211/setup.py'"'"';f = getattr(tokenize, '"'"'open'"'"', open)(__file__) if os.path.exists(__file__) else io.StringIO('"'"'from setuptools import setup; setup()'"'"');code = f.read().replace('"'"'\r\n'"'"', '"'"'\n'"'"');f.close();exec(compile(code, __file__, '"'"'exec'"'"'))' install --record /tmp/nix-shell.8SZlR4/pip-record-qiz9iyzc/install-record.txt --single-version-externally-managed --compile --install-headers /data/oc-compute02/holzbage/MONEAT/.venv/include/site/python3.8/box2d-py
         cwd: /tmp/nix-shell.8SZlR4/pip-install-rs77b465/box2d-py_06591977bdb340dc809ba0e51a8ec211/
    Complete output (20 lines):
    Using setuptools (version 56.0.0).
    running install
    running build
    running build_py
    creating build
    creating build/lib.linux-x86_64-3.8
    creating build/lib.linux-x86_64-3.8/Box2D
    copying library/Box2D/Box2D.py -> build/lib.linux-x86_64-3.8/Box2D
    copying library/Box2D/__init__.py -> build/lib.linux-x86_64-3.8/Box2D
    creating build/lib.linux-x86_64-3.8/Box2D/b2
    copying library/Box2D/b2/__init__.py -> build/lib.linux-x86_64-3.8/Box2D/b2
    running build_ext
    building 'Box2D._Box2D' extension
    swigging Box2D/Box2D.i to Box2D/Box2D_wrap.cpp
    swig -python -c++ -IBox2D -small -O -includeall -ignoremissing -w201 -globals b2Globals -outdir library/Box2D -keyword -w511 -D_SWIG_KWARGS -o Box2D/Box2D_wrap.cpp Box2D/Box2D.i
    Could not start dynamically linked executable: /data/oc-compute02/holzbage/MONEAT/.venv/lib/python3.8/site-packages/swig/data/bin/swig
    NixOS cannot run dynamically linked executables intended for generic
    linux environments out of the box. For more information, see:
    https://nix.dev/permalink/stub-ld
    error: command 'swig' failed with exit status 127
    ----------------------------------------
ERROR: Command errored out with exit status 1: /data/oc-compute02/holzbage/MONEAT/.venv/bin/python3.8 -u -c 'import io, os, sys, setuptools, tokenize; sys.argv[0] = '"'"'/tmp/nix-shell.8SZlR4/pip-install-rs77b465/box2d-py_06591977bdb340dc809ba0e51a8ec211/setup.py'"'"'; __file__='"'"'/tmp/nix-shell.8SZlR4/pip-install-rs77b465/box2d-py_06591977bdb340dc809ba0e51a8ec211/setup.py'"'"';f = getattr(tokenize, '"'"'open'"'"', open)(__file__) if os.path.exists(__file__) else io.StringIO('"'"'from setuptools import setup; setup()'"'"');code = f.read().replace('"'"'\r\n'"'"', '"'"'\n'"'"');f.close();exec(compile(code, __file__, '"'"'exec'"'"'))' install --record /tmp/nix-shell.8SZlR4/pip-record-qiz9iyzc/install-record.txt --single-version-externally-managed --compile --install-headers /data/oc-compute02/holzbage/MONEAT/.venv/include/site/python3.8/box2d-py Check the logs for full command output.
WARNING: You are using pip version 21.1.1; however, version 24.2 is available.
You should consider upgrading via the '/data/oc-compute02/holzbage/MONEAT/.venv/bin/python3.8 -m pip install --upgrade pip' command.
Finished executing venvShellHook
Traceback (most recent call last):
  File "/data/oc-compute02/holzbage/MONEAT/main.py", line 1, in <module>
    import mo_gymnasium as gym
  File "/data/oc-compute02/holzbage/MONEAT/.venv/lib/python3.8/site-packages/mo_gymnasium/__init__.py", line 7, in <module>
    from mo_gymnasium.utils import (
  File "/data/oc-compute02/holzbage/MONEAT/.venv/lib/python3.8/site-packages/mo_gymnasium/utils.py", line 12, in <module>
    from gymnasium.wrappers.normalize import RunningMeanStd
ModuleNotFoundError: No module named 'gymnasium.wrappers.normalize'
srun: error: oc-compute03: task 0: Exited with exit code 1
